-n 
-------  Input 1: The stackname is:  zstack2
-------  Input 2: The EC2 Instance name is:  
-------  Input 3: The templae file is:  file:///Users/maxzhao/aws/createEC2_maxzhao.cf
------- Step 1. Starting to generate the stack.
------- Step 1. Completed generating the stack.
------- Step 2. Starting to check the instance creation.
---- iter = 1, Time Stamp: Sat Sep 11 09:52:09 EDT 2021.
---- iter = 2, Time Stamp: Sat Sep 11 09:52:11 EDT 2021.
---- iter = 3, Time Stamp: Sat Sep 11 09:52:14 EDT 2021.
---- iter = 4, Time Stamp: Sat Sep 11 09:52:16 EDT 2021.
---- iter = 5, Time Stamp: Sat Sep 11 09:52:18 EDT 2021.
---- iter = 6, Time Stamp: Sat Sep 11 09:52:20 EDT 2021.
---- iter = 7, Time Stamp: Sat Sep 11 09:52:23 EDT 2021.
---- iter = 8, Time Stamp: Sat Sep 11 09:52:25 EDT 2021.
---- iter = 9, Time Stamp: Sat Sep 11 09:52:27 EDT 2021.
---- iter = 10, Time Stamp: Sat Sep 11 09:52:30 EDT 2021.
---- iter = 11, Time Stamp: Sat Sep 11 09:52:32 EDT 2021.
----  IP found. exiting.
------- Step 2. Completed checking the instance creation.
-----  Great. The private iP address was captured.
